 Tutorial - BCA Version - Results: 
cmd = ADD   op1 = 0  op2 = 0  result = 0
cmd = SUB   op1 = 0  op2 = 0  result = 0
cmd = MUL   op1 = 2  op2 = 3  result = 6
cmd = MUL   op1 = 2  op2 = 3  result = 6
cmd = ADD   op1 = 4  op2 = 7  result = 11
cmd = SUB   op1 = 5  op2 = 9  result = -4
cmd = MUL   op1 = 1  op2 = 1  result = 1
cmd = MUL   op1 = 1  op2 = 1  result = 1
cmd = ADD   op1 = 3  op2 = 5  result = 8
cmd = SUB   op1 = 4  op2 = 7  result = -3
cmd = MUL   op1 = 5  op2 = 9  result = 45
cmd = MUL   op1 = 5  op2 = 9  result = 45
cmd = ADD   op1 = 2  op2 = 3  result = 5
cmd = SUB   op1 = 3  op2 = 5  result = -2
cmd = MUL   op1 = 4  op2 = 7  result = 28
cmd = MUL   op1 = 4  op2 = 7  result = 28
cmd = ADD   op1 = 1  op2 = 1  result = 2
cmd = SUB   op1 = 2  op2 = 3  result = -1
cmd = MUL   op1 = 3  op2 = 5  result = 15
cmd = MUL   op1 = 3  op2 = 5  result = 15
cmd = ADD   op1 = 5  op2 = 9  result = 14
cmd = SUB   op1 = 1  op2 = 1  result = 0
cmd = MUL   op1 = 2  op2 = 3  result = 6
cmd = MUL   op1 = 2  op2 = 3  result = 6
cmd = ADD   op1 = 4  op2 = 7  result = 11
cmd = SUB   op1 = 5  op2 = 9  result = -4
cmd = MUL   op1 = 1  op2 = 1  result = 1
cmd = MUL   op1 = 1  op2 = 1  result = 1
cmd = ADD   op1 = 3  op2 = 5  result = 8
cmd = SUB   op1 = 4  op2 = 7  result = -3
cmd = MUL   op1 = 5  op2 = 9  result = 45
cmd = MUL   op1 = 5  op2 = 9  result = 45
cmd = ADD   op1 = 2  op2 = 3  result = 5
cmd = SUB   op1 = 3  op2 = 5  result = -2
cmd = MUL   op1 = 4  op2 = 7  result = 28
cmd = MUL   op1 = 4  op2 = 7  result = 28
cmd = ADD   op1 = 1  op2 = 1  result = 2
cmd = SUB   op1 = 2  op2 = 3  result = -1
cmd = MUL   op1 = 3  op2 = 5  result = 15
cmd = MUL   op1 = 3  op2 = 5  result = 15
cmd = ADD   op1 = 5  op2 = 9  result = 14
cmd = SUB   op1 = 1  op2 = 1  result = 0
cmd = MUL   op1 = 2  op2 = 3  result = 6
cmd = MUL   op1 = 2  op2 = 3  result = 6
cmd = ADD   op1 = 4  op2 = 7  result = 11
cmd = SUB   op1 = 5  op2 = 9  result = -4
cmd = MUL   op1 = 1  op2 = 1  result = 1
cmd = MUL   op1 = 1  op2 = 1  result = 1
cmd = ADD   op1 = 3  op2 = 5  result = 8
cmd = SUB   op1 = 4  op2 = 7  result = -3
cmd = MUL   op1 = 5  op2 = 9  result = 45
cmd = MUL   op1 = 5  op2 = 9  result = 45
cmd = ADD   op1 = 2  op2 = 3  result = 5
cmd = SUB   op1 = 3  op2 = 5  result = -2
cmd = MUL   op1 = 4  op2 = 7  result = 28
cmd = MUL   op1 = 4  op2 = 7  result = 28
cmd = ADD   op1 = 1  op2 = 1  result = 2
cmd = SUB   op1 = 2  op2 = 3  result = -1
cmd = MUL   op1 = 3  op2 = 5  result = 15
cmd = MUL   op1 = 3  op2 = 5  result = 15
cmd = ADD   op1 = 5  op2 = 9  result = 14
cmd = SUB   op1 = 1  op2 = 1  result = 0
cmd = MUL   op1 = 2  op2 = 3  result = 6
cmd = MUL   op1 = 2  op2 = 3  result = 6
cmd = ADD   op1 = 4  op2 = 7  result = 11
cmd = SUB   op1 = 5  op2 = 9  result = -4
cmd = MUL   op1 = 1  op2 = 1  result = 1
cmd = MUL   op1 = 1  op2 = 1  result = 1
cmd = ADD   op1 = 3  op2 = 5  result = 8
