
invoking master:  slave function: 

writing inoutmaster= 56 #reading inslave=56 #reading inoutslave=56
#writing outslave=81 #reading inoutslave=81 #reading inmaster=81

#writing outslave=81 #reading inoutmaster=81

invoking master:  slave function: 

#writing outslave=81 #reading inmaster=81

#writing outslave=81 #reading inoutmaster=81

invoking master:  slave function: 

#writing outslave=81 #reading inmaster=81

#writing outslave=81 #reading inoutmaster=81

invoking master:  slave function: 

#writing outslave=81 #reading inmaster=81

#writing outslave=81 #reading inoutmaster=81

invoking master:  slave function: 

#writing outslave=81 #reading inmaster=81

#writing outslave=81 #reading inoutmaster=81

invoking master:  slave function: 

#writing outslave=81 #reading inmaster=81

#writing outslave=81 #reading inoutmaster=81

invoking master:  slave function: 

#writing outslave=81 #reading inmaster=81

#writing outslave=81 #reading inoutmaster=81

invoking master:  slave function: 

#writing outslave=81 #reading inmaster=81

#writing outslave=81 #reading inoutmaster=81

invoking master:  slave function: 

#writing outslave=81 #reading inmaster=81

#writing outslave=81 #reading inoutmaster=81

invoking master:  slave function: 

#writing outslave=81 #reading inmaster=81

#writing outslave=81 #reading inoutmaster=81

invoking master:  slave function: 

#writing outslave=81 #reading inmaster=81

#writing outslave=81 #reading inoutmaster=81

invoking master:  slave function: 

#writing outslave=81 #reading inmaster=81

#writing outslave=81 #reading inoutmaster=81

invoking master:  slave function: 

#writing outslave=81 #reading inmaster=81

#writing outslave=81 #reading inoutmaster=81

invoking master:  slave function: 

#writing outslave=81 #reading inmaster=81

#writing outslave=81 #reading inoutmaster=81

invoking master:  slave function: 

#writing outslave=81 #reading inmaster=81

#writing outslave=81 #reading inoutmaster=81

invoking master:  slave function: 

#writing outslave=81 #reading inmaster=81

#writing outslave=81 #reading inoutmaster=81

invoking master:  slave function: 

#writing outslave=81 #reading inmaster=81

#writing outslave=81 #reading inoutmaster=81

invoking master:  slave function: 

#writing outslave=81 #reading inmaster=81

#writing outslave=81 #reading inoutmaster=81

invoking master:  slave function: 

#writing outslave=81 #reading inmaster=81

#writing outslave=81 #reading inoutmaster=81

invoking master:  slave function: 

#writing outslave=81 #reading inmaster=81

#writing outslave=81 #reading inoutmaster=81

invoking master:  slave function: 

#writing outslave=81 #reading inmaster=81

#writing outslave=81 #reading inoutmaster=81

